
Notice: Undefined index: HTTP_HOST in /home/gte/region1/config/config.inc.php on line 58

Notice: Undefined index: HTTP_HOST in /home/gte/region1/config/config.inc.php on line 62

Notice: Undefined index: HTTP_HOST in /home/gte/region1/config/config.inc.php on line 82
cekMailChapter
checkMailMember
Processing #72:rosiantorres@yahoo.com
Processing #73:ulilnino@yahoo.com
Processing #74:gadingmarsaid@yahoo.co.id
Processing #80:rikarinet@gmail.com
Processing #81:M_riezky@ymail.com
Processing #87:sugengharsono.sh9@gmail.com
Processing #88:Yose.faizal@dwimakmur.com
Processing #119:febby@sbimanning.com
Processing #122:fortune.ungkul@gmail.com
Processing #128:firdausmuhammadlukman@gmail.com
Processing #163:roby_pradana@rocketmail.com
Processing #166:uphe_phe@yahoo.com
Processing #167:harrymochfauzy@gmail.com
Processing #168:day_pey@yahoo.com
Processing #169:supraxkenceng@gmail.com
Processing #174:rahmat_moch@ymail.com
Processing #175:vinamawarnineng@gmail.com
Processing #176:kiki_utox@yahoo.com
Processing #177:rizalmfajar@yahoo.com
Processing #178:fnugraha179@gmail.com
Processing #179:gianhermawan17@yahoo.com
Processing #185:rifky.astor@yahoo.com
Processing #186:yudhacosta@gmail.com
Processing #188:afga.ghifari@gmail.com
Processing #189:lukigoreng@gmail.com
Processing #191:iyasalbar@yahoo.com
Processing #192:yusufaffandi@gmail.com
Processing #193:azizmarley@yahoo.co.id
Processing #194:kautsarintan@yahoo.co.id
Processing #195:kudakulari16@yahoo.com
Processing #196:dhavie_oscar@ymail.com
Processing #199:162dhiyaulhaq@gmail.com
Processing #202:abuymen@gmai.com
Processing #203:hazardsetiawan@gmail.com
Processing #206:luthfi1627@yahoo.co.id
Processing #213:callmedeni90@gmail.com
Processing #214:bimaleoreska@gmail.com
Processing #215:bde_satria01@yahoo.com
Processing #216:hakim.rahmat206@yahoo.co.id
Processing #217:skiperasmas@gmail.com
Processing #218:sandysatriatama@gmail.com
Processing #221:baiu_19@yahoo.com
Processing #223:Adi_setiawan1707@yahoo.co.id
Processing #235:sigit2602@yahoo.com
Processing #243:ilham01@gmail.com
Processing #244:dinda_giggles@yahoo.com
Processing #246:fredydalimun@gmail.com
Processing #252:99triyanto@gmail.com
Processing #254:agus.musthafa@gmail.com
Processing #255:abe_jeh@yahoo.com
Processing #261:henry_adhitya@yahoo.com
Processing #271:fadelrizqie@yahoo.com
Processing #272:ajwaliahmad@gmail.com
Processing #282:Kevinzt53@gmail.com
Processing #297:rizkiadi656@gmail.com
Processing #300:bagjasanjaya69@gmail.com
Processing #306:degea_ramdani@ymail.com
Processing #307:aristhedevils@gmail.com
Processing #309:hadi.wiratama@ymail.com
Processing #313:d4514mi@gmail.com
Processing #315:kubonmoron@gmail.com
Processing #317:fakhribbm@gmail.com
Processing #318:j.permana12@gmail.com
Processing #320:mikequintana13@yahoo.com
Processing #321:ardhi.fajarudin@yahoo.com
Processing #323:rizkyesaputra@gmail.com
Processing #329:adijuliana070790@gmail.com
Processing #332:vanvansipit@gmail.com
Processing #335:rionaldi.agungp@gmail.com
Processing #336:Faizahnf23.fnf@gmail.com
Processing #340:iman.chelski67@gmail.com
Processing #341:Creysetiawan@gmail.com
Processing #352:thirdbrandal@gmail.com
Processing #353:brandalfm@gmail.com
Processing #356:suzuranrooftop@gmail.com
Processing #360:ziwamilan23@gmail.com
Processing #363:ziwamilan23@gmail.com
Processing #372:aldiansyahdoank@ymail.com
Processing #374:wiwiximut@gmail.com
Processing #375:aldiansyahdoank@ymail.com
Processing #377:wiwiximut@gmail.com
Processing #379:lukmannurhakimgrt@gmail.com
Processing #382:ebim.234@gmail.com
Processing #384:adriansyah.dirman@gmail.com
Processing #386:nang_trave83@yahoo.com
Processing #388:Aldagaluhfitria123@gmail.com
Processing #389:Pahrudinmustafiq@gmail.com
Processing #393:arif_sagapat@yahoo.com
Processing #394:arif_ramadhan64@yahoo.com
Processing #395:bamz2103@gmail.com
Processing #399:tofankp@gmail.com
Processing #405:dullah038@gmail.com
Processing #406:Xballfabregas@gmail.com
Processing #409:budi.mauludin@yahoo.com
Processing #418:ikballukman3@gmail.com
Processing #419:rudvan_riyadin@yahoo.com
Processing #424:rahdyandenoza@ymail.com
Processing #427:arief.boby@yahoo.co.id
Processing #429:andri_cr7@ymail.com
Processing #430:reky_dede@yahoo.com
Processing #431:nurul.hadi13@yahoo.co.id
Processing #434:aadoni90@gmail.com
Processing #436:taufiqdaryani@gmail.com
Processing #438:zeta_zone86@yahoo.com
Processing #440:ajisthea554@gmail.com
Processing #441:bassckioo@gmail.com
Processing #442:Reka.nurrohman@gmail.com
Processing #445:firmanfauzi_12@yahoo.com
Processing #446:irham_guproni@yahoo.co.id
Processing #447:panduirawan06@gmail.com
Processing #448:nafzky@gmail.com
Processing #449:mochiqbalrm@gmail.com
Processing #450:ridwanbozaret@gmail.com
Processing #452:jihan_sadad@yahoo.co.id
Processing #454:boim_1927@yahoo.com
Processing #460:putraarisetiawan@ymail.com
Processing #469:aif_star@yahoo.co.id
Processing #474:fallah_rizal@yahoo.com
Processing #475:novalmaulana05@gmail.com
Processing #480:rizkyabd@gmail.com
Processing #482:syaepulamri60@gmail.com
Processing #484:indrapamungkas@gmail.com
Processing #487:aif_star@yahoo.co.id
Processing #496:fallah_rizal@yahoo.com
Processing #498:novalmaulana05@gmail.com
Processing #499:aif_star@yahoo.co.id
Processing #508:rizkyabd@gmail.com
Processing #509:syaepulamri60@gmail.com
Processing #510:fallah_rizal@yahoo.com
Processing #511:indrapamungkas@gmail.com
Processing #512:novalmaulana05@gmail.com
Processing #523:rizkyabd@gmail.com
Processing #524:aif_star@yahoo.co.id
Processing #525:syaepulamri60@gmail.com
Processing #527:indrapamungkas@gmail.com
Processing #533:fallah_rizal@yahoo.com
Processing #535:novalmaulana05@gmail.com
Processing #542:rizkyabd@gmail.com
Processing #544:syaepulamri60@gmail.com
Processing #545:aif_star@yahoo.co.id
Processing #546:indrapamungkas@gmail.com
Processing #554:fallah_rizal@yahoo.com
Processing #555:novalmaulana05@gmail.com
Processing #560:rizkyabd@gmail.com
Processing #561:syaepulamri60@gmail.com
Processing #562:indrapamungkas@gmail.com
Processing #567:indra.uicc@gmail.com
Processing #568:firmanlocco@gmail.com
Processing #570:puja.logika@gmail.com
Processing #571:marcio_amelo@yahoo.co.id
Processing #573:lazuarday@gmail.com
Processing #584:hasanmawardi82@gmail.com
Processing #596:hasanmawardi82@gmail.com
Processing #605:dodisetiawan92@gmail.com
Processing #618:dodisetiawan92@gmail.com
Processing #671:marta.suryana@gmail.com
Processing #673:farhan974@gmail.com
Processing #693:vsr011@yahoo.com
Processing #694:muhammadsyahrizal07@yahoo.com
Processing #696:sandyunderattack@gmail.com
Processing #707:jokoalfatih@gmail.com
Processing #750:albiongumelar@gmail.com
Processing #756:apriliaputri159@ymail.com
Processing #762:rendimaulana92@gmail.com
Processing #763:naufal.shinoda@gmail.com
Processing #767:faisalfazri96@gmail.com
Processing #770:Hendrigumilang@gmail.com
Processing #772:hananakid@gmail.com
Processing #782:rendimaulana92@gmail.com
Processing #783:naufal.shinoda@gmail.com
Processing #787:faisalfazri96@gmail.com
Processing #790:Hendrigumilang@gmail.com
Processing #792:hananakid@gmail.com
Processing #815:andikadwiputra21@gmail.com
Processing #825:adam960503@gmail.com
Processing #826:adam960503@gmail.com
Processing #846:imsimanjuntak6@gmail.com
Processing #847:hafizsandria17@gmail.com
Processing #849:dillamutiaraanjani@gmail.com
Processing #850:yudistirasatrio7@gmail.com
Processing #854:elephantdelf@yahoo.com
Processing #855:tanjungsergi@gmail.com
Processing #856:bianhafizh@gmail.com
Processing #858:alvinanbiya@gmail.com
Processing #859:ferdinirfan@gmail.com
Processing #866:iqbalanaufal@gmail.com
Processing #882:ayambebek19@yahoo.com
Processing #889:suryana.atmaja@yahoo.co.id
Processing #897:mynamecandra@yahoo.com
Processing #903:yusufnurulum@gmail.com
Processing #911:yogiecaniago20@gmail.com
Processing #914:dzikryramadhan33@gmail.com
Processing #917:syamsakbarhaditama@gmail.com
Processing #918:nickosihombing@gmail.com
Processing #920:yuliusparadongannababan89@gmail.com
Processing #925:mrizkyandrianto@gmail.com
Processing #928:dhityabarker@yahoo.co.id
Processing #929:tawesalfarez@yahoo.co.id
Processing #933:anugraha263@gmail.com
Processing #934:arisriswanto71@gmail.com
Processing #935:kanuel30@gmail.com
Processing #936:bananyro@rocketmail.com
Processing #937:pressure.159@gmail.com
Processing #947:yeditangkedai@gmail.com
Processing #960:nur.kadim44@gmail.com
Processing #961:Iraycs_14@yahoo.co.id
Processing #963:liam.orcf4@gmail.com
Processing #969:abdillah.aziz92@gmail.com
Processing #994:eesafikriansyah@yahoo.com
Processing #995:eesafikriansyah@yahoo.com
Processing #1012:nengpesek129@gmail.com
Processing #1013:nengpesek129@gmail.com
Processing #1038:mokh.satori06@gmail.com
Processing #1039:anto_darmanto21@yahoo.com
Processing #1041:sdpoest@yahoo.co.id
Processing #1043:agungboed64@gmail.com
Processing #1047:poldi.anza@gmail.com
Processing #1053:enzecahyo13@gmail.com
Processing #1054:gianto.ray@gmail.com
Processing #1056:jamssoamole@gmail.com
Processing #1057:Luckypermadipura@gmail.com
Processing #1060:rabbylaz@gmail.com
Processing #1064:sampeinibous@gmail.com
Processing #1073:albiongumelar@gmail.com
Processing #1077:apriliaputri159@ymail.com
Processing #1087:ayambebek19@yahoo.com
Processing #1114:farhan974@gmail.com
Processing #1132:ivansingamanggala@gmail.com
Processing #1137:jokoalfatih@gmail.com
Processing #1144:marta.suryana@gmail.com
Processing #1152:mrizkyandrianto@gmail.com
Processing #1155:muhammadsyahrizal07@yahoo.com
Processing #1156:mynamecandra@yahoo.com
Processing #1163:putraarisetiawan@ymail.com
Processing #1187:sandyunderattack@gmail.com
Processing #1191:suryana.atmaja@yahoo.co.id
Processing #1200:vsr011@yahoo.com
Processing #1207:yusufnurulum@gmail.com
Processing #1211:adsorlando@yahoo.com
Processing #1213:agusdwihendri@gmail.com 

Warning: Invalid argument supplied for foreach() in /home/gte/region1/tools/cron/gte_cekStatusMail.php on line 15
Processing #1214:agussiswanto234@YAHOO.CO.ID
Processing #1216:ahmadsaputra239@gmail.com
Processing #1217:ajiefachrudin2@gmail.com
Processing #1218:alexinteristi@gmail.com
Processing #1219:anandasaputra31@gmail.com
Processing #1221:andybian.89@gmail.com
Processing #1222:anggerwb@yahoo.co.id
Processing #1226:anzunk_anan@yahoo.co.id
Processing #1228:ashev.zidane@gmail.com
Processing #1229:augusakbar@gmail.com
Processing #1230:ayub.blues@gmail.com
Processing #1233:bodink15@gmail.com
Processing #1234:chomothz@gmail.com
Processing #1235:chucky88.is@gmail.com
Processing #1236:daydanu@ymail.com
Processing #1237:dea.putra81@yahoo.com
Processing #1238:deni3572@gmail.com
Processing #1240:didi_adiyatna@yahoo.com
Processing #1241:e.kusumayadi@gmail.com
Processing #1243:echanerazzurri@gmail.com
Processing #1244:eka2668@gmail.com
Processing #1245:eka2668@gmail.com
Processing #1246:faizalghofur@yahoo.com
Processing #1249:gilmochammad@gmail.com
Processing #1250:hakim.raihan@gmail.com
Processing #1252:hndrmulyadi@gmail.com
Processing #1253:iamz.thea@gmail.com
Processing #1254:iancodot@gmail.com
Processing #1255:iifhajami@gmail.com
Processing #1256:ika.labeneamata@yahoo.com
Processing #1259:juwi168@gmail.com
Processing #1261:kinanti_mh@yahoo.com
Processing #1262:kps175@gmail.com
Processing #1264:krisnazank@gmail.com
Processing #1266:lourel04@yahoo.com
Processing #1267:mada_nurdiansyah@yahoo.co.id
Processing #1268:maykomboetoet@gmail.com
Processing #1270:moeljadi87.seno@gmail.com
Processing #1271:monainternona11@gmail.com
Processing #1272:muchib29@yahoo.com
Processing #1273:murni_supriani@yahoo.co.id
Processing #1274:nasrulramdani05@gmail.com
Processing #1275:nickana1908@gmail.com
Processing #1276:oktaviani.2007@gmail.com
Processing #1277:portgas49@gmail.com
Processing #1280:putraput29@gmail.com
Processing #1282:rengga_tanu1908@yahoo.com
Processing #1283:rivay_internisti@yahoo.com
Processing #1285:rovieri@rocketmail.com
Processing #1287:samara_107@yahoo.co.id
Processing #1292:shandrobernard@gmail.com
Processing #1293:shohib@ymail.com
Processing #1297:tigorpanjaitan92@gmail.com
Processing #1298:tumorgelo@gmail.com
Processing #1303:yayandoeth@yahoo.com
Processing #1304:yenx_nerazzuri@yahoo.co.id
Processing #1306:zidanetshirts@yahoo.co.id
Processing #1307:zupan2013@gmail.com
Processing #1309:adnanfauzi73@yahoo.co.id
Processing #1314:egazakaria212@gmail.com
Processing #1316:fahmipermana71@gmail.com
Processing #1317:febby@sbimanning.com
Processing #1321:herlambangayang@yahoo.co.id
Processing #1325:luis_fernandes97@yahoo.com
Processing #1328:melandilagi@gmail.com
Processing #1329:muftiali23@yahoo.com
Processing #1330:muhammadmedy6@gmail.com
Processing #1331:naufalakbari1329@gmail.com
Processing #1337:refkyrr@gmail.com
Processing #1338:rendiwisesa@gmail.com
Processing #1341:trias.ak@gmail.com
Processing #1344:yaman.sinfonia@yahoo.com
Processing #1350:faisalfazri96@gmail.com
Processing #1351:hananakid@gmail.com
Processing #1352:Hendrigumilang@gmail.com
Processing #1355:imanpasoendan@yahoo.com 

Notice: Trying to get property of non-object in /home/gte/region1/tools/cron/gte_cekStatusMail.php on line 16

Notice: Trying to get property of non-object in /home/gte/region1/tools/cron/gte_cekStatusMail.php on line 17

Notice: Trying to get property of non-object in /home/gte/region1/tools/cron/gte_cekStatusMail.php on line 17

Notice: Trying to get property of non-object in /home/gte/region1/tools/cron/gte_cekStatusMail.php on line 17

Notice: Trying to get property of non-object in /home/gte/region1/tools/cron/gte_cekStatusMail.php on line 17

Notice: Trying to get property of non-object in /home/gte/region1/tools/cron/gte_cekStatusMail.php on line 17

Notice: Trying to get property of non-object in /home/gte/region1/tools/cron/gte_cekStatusMail.php on line 19
imanpasoendan@yahoo.com  has been 
Processing #1357:naufal.shinoda@gmail.com
Processing #1361:rendimaulana92@gmail.com
Processing #1367:Aldagaluhfitria123@gmail.com
Processing #1368:Pahrudinmustafiq@gmail.com
Processing #1372:arif_sagapat@yahoo.com
Processing #1373:arif_ramadhan64@yahoo.com
Processing #1374:bamz2103@gmail.com
Processing #1375:Rilo_Pujipratomo@yahoo.com
Processing #1381:callmedeni90@gmail.com
Processing #1382:bimaleoreska@gmail.com
Processing #1383:bde_satria01@yahoo.com
Processing #1384:hakim.rahmat206@yahoo.co.id
Processing #1385:skiperasmas@gmail.com
Processing #1386:sandysatriatama@gmail.com
Processing #1389:baiu_19@yahoo.com
Processing #1391:Adi_setiawan1707@yahoo.co.id
Processing #1402:sigit2602@yahoo.com
Processing #1410:ilham01@gmail.com
Processing #1411:dinda_giggles@yahoo.com
Processing #1413:fredydalimun@gmail.com
Processing #1414:ochin1486@gmail.com
Processing #1418:Alrizaldy0211@gmail.com
Processing #1421:rumirenaisans10@gmail.com
Processing #1425:rifqiiqbal98@gmail.com
Processing #1426:wahyudiarie33@gmail.com
Processing #1431:hadie10@gmail.com
Processing #1432:adi.sarkadi@gmail.com
Processing #1435:pamungkas.lingga@gmail.com
Processing #1439:juraganpapih24@gmail.com
Processing #1440:kartikaiwa@gmail.com
Processing #1441:dian.wahyudi12@gmail.com
Processing #1442:bpahon.ahon@gmail.com
Processing #1445:fauzan_lutfi87@yahoo.co.id
Processing #1451:tegarsaldy@yahoo.com
Processing #1453:arfiandri.p@gmail.com
Processing #1454:badutgakbolehcengeng@gmail.com
Processing #1456:sejatie30@gmail.com
Processing #1459:doangtopicc@gmail.com
Processing #1460:ciptaibnu@gmail.com
Processing #1463:a.ie95@yahoo.com
Processing #1464:aang21184@gmail.com
Processing #1465:adit.maul91@yahoo.com
Processing #1466:adityasuwardana@yahoo.com
Processing #1468:andhika_ega@rocketmail.com
Processing #1469:anditrisden@yahoo.com
Processing #1470:arizaldwa@gmail.com
Processing #1471:armendo.desmon31@gmail.com
Processing #1472:asepsopian.dgunners@yahoo.com
Processing #1473:auva.soekamti@gmail.com
Processing #1476:cintyawcirima@gmail.com
Processing #1477:claudio.agustha@yahoo.com
Processing #1478:danker_zone@yahoo.com
Processing #1480:dasep_ba@yahoo.com
Processing #1481:defri.siwabessy@gmail.com
Processing #1482:dhio.rezaprasetyo93@gmail.com
Processing #1483:faizalazqi@googlemail.com
Processing #1484:fatimah.walcott.fw@gmail.com
Processing #1485:firdha.syafiraa@gmail.com
Processing #1486:firdha.syafiraa@gmail.com
Processing #1487:firdha.syafiraa@gmail.com
Processing #1489:heru_thelogin@yahoo.com
Processing #1490:ijja.gooner@gmail.com
Processing #1492:iznuya@gmail.com
Processing #1493:joksip@yahoo.com
Processing #1494:karli_julianto@yahoo.co.id
Processing #1496:m.falahinohari@yahoo.com
Processing #1497:m.ghivaransyari93@gmail.com
Processing #1500:muhammadaderosidin@yahoo.co.id
Processing #1501:muto64@gmail.com
Processing #1503:nikkidwimasputro@yahoo.com
Processing #1504:nur.huda.aziz.tristanto@gmail.com
Processing #1505:ocky@arsenal.or.id
Processing #1507:penjol108@yahoo.com
Processing #1509:ratuayutitian@yahoo.com
Processing #1510:risandifahmi22@yahoo.co.id
Processing #1512:saggafalatas@hotmail.com
Processing #1513:satrio.pamungkas55@yahoo.co.id
Processing #1514:sbaniridwan@gmail.com
Processing #1515:Shillaanita15@gmail.com
Processing #1517:supir_delman@yahoo.com
Processing #1519:takenbyzhou@yahoo.com
Processing #1520:theolionelfabs@gmail.com
Processing #1521:tripratomob@yahoo.com
Processing #1524:yahyahasyim@inilah.com
Processing #1525:yudikimia45@gmil.com
Processing #1526:riesthories@gmail.com
Processing #1527:andri.tyomo@gmail.com
Processing #1528:mustikaya2104@gmail.com
Processing #1529:vickey.fenny@gmail.com
Processing #1530:ferryhernandez.fs@gmail.com
Processing #1531:nominkusta@gmail.com
Processing #1532:achyatmilano@gmail.com
Processing #1539:curotorres@yahoo.com
Processing #1541:anggagibol55@gmail.com
Processing #1543:lianotan@gmail.com
Processing #1544:fajri23ssl@yahoo.com
Processing #1545:bayuaji574@gmail.com
Processing #1548:trybayufajarrianto@gmail.com
Processing #1554:arif.cb13@gmail.com
Processing #1559:eriemulyarso@ymail.com
Processing #1560:citamaniapunyagunungduit@gmail.com
Processing #1562:Hese.hese@yahoo.com
Processing #1564:iva.noorcholipah@gmail.com
Processing #1565:robby.maulana481@gmail.com
Processing #1570:ekohadipriyono@ymail.com
Processing #1571:candrasakobar@gmail.com
Processing #1572:yherlambang96@yahoo.co.id
Processing #1574:dimasnurutami@yahoo.com
Processing #1575:dewiarimbi29@yahoo.com
Processing #1579:adib.j.anoraga@gmail.com
Processing #1584:Alirosidndut@yahoo.com
Processing #1589:jaenalarifin@gmail.com
Processing #1593:ARDNEH24@YAHOO.CO.ID
Processing #1594:jaenalarifin@gmail.com
Processing #1597:arafi_fazar@yahoo.co.id
Processing #1600:arafi_fazar@yahoo.co.id
Processing #1605:jaenalarifin@gmail.com
Processing #1606:ARDNEH24@YAHOO.CO.ID
Processing #1608:arafi_fazar@yahoo.co.id
Processing #1613:jaenalarifin@gmail.com
Processing #1614:ARDNEH24@YAHOO.CO.ID
Processing #1618:arafi_fazar@yahoo.co.id
Processing #1621:jaenalarifin@gmail.com
Processing #1623:ARDNEH24@YAHOO.CO.ID
Processing #1627:jaenalarifin@gmail.com
Processing #1628:ARDNEH24@YAHOO.CO.ID
Processing #1630:arafi_fazar@yahoo.co.id
Processing #1641:akbarpradipta15@yahoo.com
Processing #1642:mcaesar7@yahoo.com
Processing #1643:Arddie66@gmail.com
Processing #1645:izalrama007.ir@gmail.com
Processing #1647:bambang_k22@yahoo.com
Processing #1648:abdulkholik04@yahoo.com
Processing #1650:haryadi@gmail.com
Processing #1653:Sander89@yahoo.com
Processing #1655:Baharokta.putra@gmail.com
Processing #1657:Triohadi2@gmail.com
Processing #1658:faizulum@gmail.com
Processing #1661:althanurlita@gmail.com
Processing #1663:aryaadiprasetyo92@gmail.com
Processing #1668:yoga220296@yahoo.com
Processing #1696:ismail.sulaiman224@gmail.com
Processing #1702:amarmarufscm@yahoo.com
Processing #1704:linggarbayu@gmail.com
Processing #1705:frheza@gmail.com
Processing #1710:bimegitha03@gmail.com
Processing #1711:ishakdwi@rocketmail.com
Processing #1725:rezzacoutinho@yahoo.co.id
Processing #1731:adekurniawandhelimutniez@yahoo.co.id
Processing #1735:muhammadBaghir5@gmail.com
Processing #1739:kamvax032@yahoo.com
Processing #1746:vannokarijoly.ipb@gmail.com
Processing #1747:benedictus_permadi@yahoo.com
Processing #1750:adhityavrahman@gmail.com
Processing #1753:nyonyafebri@yahoo.com
Processing #1757:Yukyzulfy@rocketmail.com
Processing #1760:sunardi4lt@gmail.com
Processing #1762:supri.yatna@yahoo.co.id
Processing #1763:arinandarsyam@gmail.com
Processing #1768:perwirarangga@gmail.com
Processing #1771:reno.mth@gmail.com
Processing #1773:lukman.temwh@gmail.com
Processing #1774:jefft_07@yahoo.com
Processing #1775:forza.labeneamatta@gmail.com
Processing #1778:tristaninterista@gmail.com
Processing #1779:fauzi.muhammad.id@gmail.com
Processing #1780:zoelkarnaen23@gmail.com
Processing #1782:sandi.s.raharja@gmail.com
Processing #1783:dedy.adan@gmail.com
Processing #1784:mugen.jigoku@gmail.com
Processing #1785:fajar0442@yahoo.com
Processing #1790:chomeng.meng@gmail.com
Processing #1791:javiarsyah@gmail.com
Processing #1793:ardisonointerista@yahoo.co.id
Processing #1794:eldifeur@gmail.com
Processing #1795:irwan.tole@gmail.com
Processing #1797:r.febryan1901.rf@gmail.com
Processing #1799:muhamadtaufik23@gmail.com
Processing #1801:eky.victor@gmail.com
Processing #1803:ianhafiqi@gmail.com
Processing #1804:stramaloverz@gmail.com
Processing #1808:teguhopegex@gmail.com
Processing #1809:anggara.yogi33@gmail.com
Processing #1810:vieriaalfaridzy@gmail.com
Processing #1812:Feryatindicky@gmail.com
Processing #1813:sakti.cisc@gmail.com
Processing #1814:avifabdoel@yahoo.co.id
Processing #1816:boseh_gres@rocketmail.com
Processing #1817:kay_melodic@yahoo.co.id
Processing #1821:feynuka@gmail.com
Processing #1823:iqbal.jack80@yahoo.com
Processing #1824:deri_derisman@yahoo.co.id
Processing #1826:zaki.sadega@gmail.com
Processing #1830:komengoscacatosmentalos@gmail.com
Processing #1831:ader2nd.32@gmail.com
Processing #1832:ajengrahmamaulida@gmail.com
Processing #1834:yudiandalusia@gmail.com
Processing #1835:husain_asa@yahoo.com
Processing #1837:myusuf311@yahoo.com
Processing #1839:priatinotigo@yahoo.co.id
Processing #1841:msandi15@yahoo.com
Processing #1843:yudi1908@yahoo.com
Processing #1845:suga.hidayat@yahoo.com
Processing #1846:awaythea_04@yahoo.co.id
Processing #1849:ajhes87@gmail.com
Processing #1850:anggaradwi06@gmail.com
Processing #1863:milan3sta_46@yahoo.com
Processing #1866:rudykoeman@yahoo.com
Processing #1867:cow_culun13@yahoo.com
Processing #1870:Fawwaz1899@gmail.com
Processing #1872:Junaahmad1105@gmail.com
Processing #1876:ibejanief@gmail.com
Processing #1877:Arismigisetiawan@yahoo.com
Processing #1888:teguhpnj@gmail.com
Processing #1890:sellaruntunuwu1122@gmail.com
Processing #1891:rickyjuventini12@gmail.com
Processing #1893:fachturi@gmail.com
Processing #1895:anto.andrea39@gmail.com
Processing #1896:nurhayatitrg@gmail.com
Processing #1898:agussilaskar@gmail.com
Processing #1900:gilangjuve21@gmail.com
Processing #1902:cakyudin82@gmail.com
Processing #1905:jalilabdul370@gmail.com
Processing #1906:al_ichlas@yahoo.com
Processing #1907:tommyprayoga3@gmail.com
Processing #1908:irfanvanhelsing160@gmail.com
Processing #1909:narto1897@gmail.com
Processing #1914:billywarouw@gmail.com
Processing #1919:rakadzulfiqar@gmail.com
Processing #1925:iyumarsa@gmail.com
Processing #1926:adhityamail@gmail.com
Processing #1931:idunk.yudi@yahoo.com
Processing #1933:Sharifwihadma@yahoo.com
Processing #1934:dhanitro005@gmail.com
Processing #1935:andre.dhenox@gmail.com
Processing #1941:pararescue.apr@gmail.com
Processing #1942:glorymanutd17@gmail.com
Processing #1943:alfapratama650@gmail.com
Processing #1944:sigitbee@gmail.com
Processing #1945:dede.irawan09@gmail.com
Processing #1947:bukantsubasa@gmail.com
Processing #1948:bagjaagung.dpk0715@gmail.com
Processing #1949:arifby1414@gmail.com
Processing #1951:teguhnuryanto@gmail.com
Processing #1952:syarifudinrachmat@gmail.com
Processing #1953:melodyrock25@yahoo.com
Processing #1954:baboonzdhani@gmail.com
Processing #1955:romanistiyja@gmail.com
Processing #1956:dicqhermawan.dh@gmail.com
Processing #1957:vinnoarridwan@rocketmail.com
Processing #1958:wiselyabdul@gmail.com
Processing #1959:tyochabowbfmv@gmail.com
Processing #1960:fatahpamungkas@gmail.com
Processing #1962:imammuznii@gmail.com
Processing #1963:dharmaghanesa@gmail.com
Processing #1964:rikiapriyanto42@gmail.com
Processing #1965:satria_atma10@yahoo.com
Processing #1968:gendownalfonso@gmail.com
Processing #1970:yadhi_viola@yahoo.com
Processing #1972:ardhiechristie17@gmail.com
Processing #1973:adhevci@gmail.com
Processing #1977:coimmut@gmail.com
Processing #1980:abe.jakartacityzen@gmail.com
Processing #1981:ahmad_ridholloh@yahoo.co.id
Processing #1983:xmanreza6@gmail.com
Processing #1993:pedroagustinus@gmail.com
Processing #1994:abubakarsani511@gmail.com
Processing #1999:yosseagnes@gmail.com
Processing #2000:Amieydhayan@gmail.com
Processing #2001:babaz71@yahoo.co.id
Processing #2002:dimas6490@gmail.com
Processing #2003:mulya.aji@gmail.com
Processing #2005:rayandrian77@yahoo.co.id
Processing #2008:rusli963@yahoo.co.id
Processing #2011:Saputrasigit01@gmail.com
Processing #2013:Bagusangga16@gmail.com
Processing #2014:ipung.icandid@gmail.com
Processing #2015:sandhikusuma@gmail.com
Processing #2016:trihandokoragil@gmail.com
Processing #2017:Igay_chua@yahoo.com
Processing #2018:nmilhan@live.com
Processing #2019:Riswandymcfc@gmail.com
Processing #2020:faizalnurrudin@gmail.com
Processing #2022:tommystenovicbsi@gmail.com
Processing #2025:ichieical@gmail.com
Processing #2026:rizki_sucipta@yahoo.com
Processing #2027:simamora.david8@gmail.com
Processing #2028:adjieanggono83@gmail.com
Processing #2029:socmed.awey@gmail.com
Processing #2030:wagenperdana@gmail.com
Processing #2033:arulr.ir@gmail.com
Processing #2034:kasheehan@gmail.com
Processing #2037:eyesoccer7@gmail.com
